Traceback (most recent call last):
  File "C:\Users\nWright\Miniconda3\envs\elk-wcrp\lib\site-packages\jupyter_cache\executors\utils.py", line 56, in single_nb_execution
    record_timing=False,
  File "C:\Users\nWright\Miniconda3\envs\elk-wcrp\lib\site-packages\nbclient\client.py", line 1085, in execute
    return NotebookClient(nb=nb, resources=resources, km=km, **kwargs).execute()
  File "C:\Users\nWright\Miniconda3\envs\elk-wcrp\lib\site-packages\nbclient\util.py", line 84, in wrapped
    return just_run(coro(*args, **kwargs))
  File "C:\Users\nWright\Miniconda3\envs\elk-wcrp\lib\site-packages\nbclient\util.py", line 62, in just_run
    return loop.run_until_complete(coro)
  File "C:\Users\nWright\Miniconda3\envs\elk-wcrp\lib\asyncio\base_events.py", line 587, in run_until_complete
    return future.result()
  File "C:\Users\nWright\Miniconda3\envs\elk-wcrp\lib\site-packages\nbclient\client.py", line 552, in async_execute
    cell, index, execution_count=self.code_cells_executed + 1
  File "C:\Users\nWright\Miniconda3\envs\elk-wcrp\lib\site-packages\nbclient\client.py", line 846, in async_execute_cell
    self._check_raise_for_error(cell, exec_reply)
  File "C:\Users\nWright\Miniconda3\envs\elk-wcrp\lib\site-packages\nbclient\client.py", line 748, in _check_raise_for_error
    raise CellExecutionError.from_cell_and_msg(cell, exec_reply_content)
nbclient.exceptions.CellExecutionError: An error occurred while executing the following cell:
------------------
import pandas as pd
team_tbl = pd.read_csv("./tables/planning-team.csv")
team_tbl = team_tbl.style.hide_index()
team_tbl = team_tbl.set_caption("Elk River WCRP Planning Team")\
    .set_table_styles([{
        'props': 'caption-side: bottom;'
    }],overwrite=False)
team_tbl
------------------

[1;31m---------------------------------------------------------------------------[0m
[1;31mKeyError[0m                                  Traceback (most recent call last)
[1;32m~\AppData\Local\Temp\ipykernel_43912\1321168525.py[0m in [0;36m<module>[1;34m[0m
[0;32m      5[0m     .set_table_styles([{
[0;32m      6[0m         [1;34m'props'[0m[1;33m:[0m [1;34m'caption-side: bottom;'[0m[1;33m[0m[1;33m[0m[0m
[1;32m----> 7[1;33m     }],overwrite=False)
[0m[0;32m      8[0m [0mteam_tbl[0m[1;33m[0m[1;33m[0m[0m

[1;32m~\Miniconda3\envs\elk-wcrp\lib\site-packages\pandas\io\formats\style.py[0m in [0;36mset_table_styles[1;34m(self, table_styles, axis, overwrite)[0m
[0;32m   1682[0m                     [1;34m"props"[0m[1;33m:[0m [0mmaybe_convert_css_to_tuples[0m[1;33m([0m[0ms[0m[1;33m[[0m[1;34m"props"[0m[1;33m][0m[1;33m)[0m[1;33m,[0m[1;33m[0m[1;33m[0m[0m
[0;32m   1683[0m                 }
[1;32m-> 1684[1;33m                 [1;32mfor[0m [0ms[0m [1;32min[0m [0mtable_styles[0m[1;33m[0m[1;33m[0m[0m
[0m[0;32m   1685[0m             ]
[0;32m   1686[0m [1;33m[0m[0m

[1;32m~\Miniconda3\envs\elk-wcrp\lib\site-packages\pandas\io\formats\style.py[0m in [0;36m<listcomp>[1;34m(.0)[0m
[0;32m   1682[0m                     [1;34m"props"[0m[1;33m:[0m [0mmaybe_convert_css_to_tuples[0m[1;33m([0m[0ms[0m[1;33m[[0m[1;34m"props"[0m[1;33m][0m[1;33m)[0m[1;33m,[0m[1;33m[0m[1;33m[0m[0m
[0;32m   1683[0m                 }
[1;32m-> 1684[1;33m                 [1;32mfor[0m [0ms[0m [1;32min[0m [0mtable_styles[0m[1;33m[0m[1;33m[0m[0m
[0m[0;32m   1685[0m             ]
[0;32m   1686[0m [1;33m[0m[0m

[1;31mKeyError[0m: 'selector'
KeyError: 'selector'

